<?xml version="1.0" encoding="UTF-8"?>
<!-- Generated by org.testng.reporters.JUnitReportReporter -->
<testsuite skipped="0" hostname="DESKTOP-M3330UV" name="sanity.TodoListElectron" tests="2" failures="0" timestamp="2023-02-11T14:51:40 IST" time="8.501" errors="0">
  <testcase name="test01_AddAndVerifyNewTask" time="1.815" classname="sanity.TodoListElectron"/>
  <system-out/>
  <testcase name="test02_AddAndVerifyNewTasks" time="6.686" classname="sanity.TodoListElectron"/>
  <system-out/>
</testsuite> <!-- sanity.TodoListElectron -->
