<?xml version="1.0" encoding="UTF-8"?>
<!-- Generated by org.testng.reporters.JUnitReportReporter -->
<testsuite skipped="0" hostname="DESKTOP-M3330UV" name="sanity.GrafanaWeb" tests="9" failures="0" timestamp="2023-01-28T19:06:13 IST" time="57.359" errors="0">
  <testcase name="test04_VerifyDeleteUser" time="2.526" classname="sanity.GrafanaWeb"/>
  <system-out/>
  <testcase name="test01_VerifyHeader" time="3.306" classname="sanity.GrafanaWeb"/>
  <system-out/>
  <testcase name="test07_SearchUsers" time="14.856" classname="sanity.GrafanaWeb"/>
  <system-out/>
  <testcase name="test05_VerifyProgressSteps" time="10.534" classname="sanity.GrafanaWeb"/>
  <system-out/>
  <testcase name="test06_VerifyAvatarAdmin" time="2.052" classname="sanity.GrafanaWeb"/>
  <system-out/>
  <testcase name="test07_SearchUsers" time="4.814" classname="sanity.GrafanaWeb"/>
  <system-out/>
  <testcase name="test03_VerifyNewUser" time="3.195" classname="sanity.GrafanaWeb"/>
  <system-out/>
  <testcase name="test07_SearchUsers" time="14.876" classname="sanity.GrafanaWeb"/>
  <system-out/>
  <testcase name="test02_VerifyAdmin" time="1.200" classname="sanity.GrafanaWeb"/>
  <system-out/>
</testsuite> <!-- sanity.GrafanaWeb -->
